This is pdfTeX, Version 3.14159265-2.6-1.40.19 (MiKTeX 2.9.6630 64-bit) (preloaded format=pdflatex 2018.6.13)  24 JUN 2018 21:36
entering extended mode
**./01_GR_Haupt.tex
(01_GR_Haupt.tex
LaTeX2e <2017-04-15>
Babel <3.18> and hyphenation patterns for 75 language(s) loaded.
("C:\Users\Mardek\AppData\Local\Programs\MiKTeX 2.9\tex\latex\base\article.cls"
Document Class: article 2014/09/29 v1.4h Standard LaTeX document class
("C:\Users\Mardek\AppData\Local\Programs\MiKTeX 2.9\tex\latex\base\size11.clo"
File: size11.clo 2014/09/29 v1.4h Standard LaTeX file (size option)
)
\c@part=\count79
\c@section=\count80
\c@subsection=\count81
\c@subsubsection=\count82
\c@paragraph=\count83
\c@subparagraph=\count84
\c@figure=\count85
\c@table=\count86
\abovecaptionskip=\skip41
\belowcaptionskip=\skip42
\bibindent=\dimen102
) (02_Vorspann.tex
("C:\Users\Mardek\AppData\Local\Programs\MiKTeX 2.9\tex\latex\base\fontenc.sty"
Package: fontenc 2017/04/05 v2.0i Standard LaTeX package
("C:\Users\Mardek\AppData\Local\Programs\MiKTeX 2.9\tex\latex\base\t1enc.def"
File: t1enc.def 2017/04/05 v2.0i Standard LaTeX file
LaTeX Font Info:    Redeclaring font encoding T1 on input line 48.
)) ("C:\Users\Mardek\AppData\Local\Programs\MiKTeX 2.9\tex\latex\base\inputenc.
sty"
Package: inputenc 2015/03/17 v1.2c Input encoding file
\inpenc@prehook=\toks14
\inpenc@posthook=\toks15
 ("C:\Users\Mardek\AppData\Local\Programs\MiKTeX 2.9\tex\latex\ucs\utf8x.def"
File: utf8x.def 2004/10/17 UCS: Input encoding UTF-8
)) ("C:\Users\Mardek\AppData\Local\Programs\MiKTeX 2.9\tex\latex\ucs\ucs.sty"
Package: ucs 2013/05/11 v2.2 UCS: Unicode input support

("C:\Users\Mardek\AppData\Local\Programs\MiKTeX 2.9\tex\latex\ucs\uni-global.de
f"
File: uni-global.def 2013/05/13 UCS: Unicode global data
)
\uc@secondtry=\count87
\uc@combtoks=\toks16
\uc@combtoksb=\toks17
\uc@temptokena=\toks18
)
("C:\Users\Mardek\AppData\Local\Programs\MiKTeX 2.9\tex\latex\graphics\graphicx
.sty"
Package: graphicx 2017/06/01 v1.1a Enhanced LaTeX Graphics (DPC,SPQR)

("C:\Users\Mardek\AppData\Local\Programs\MiKTeX 2.9\tex\latex\graphics\keyval.s
ty"
Package: keyval 2014/10/28 v1.15 key=value parser (DPC)
\KV@toks@=\toks19
)
("C:\Users\Mardek\AppData\Local\Programs\MiKTeX 2.9\tex\latex\graphics\graphics
.sty"
Package: graphics 2017/06/25 v1.2c Standard LaTeX Graphics (DPC,SPQR)

("C:\Users\Mardek\AppData\Local\Programs\MiKTeX 2.9\tex\latex\graphics\trig.sty
"
Package: trig 2016/01/03 v1.10 sin cos tan (DPC)
)
("C:\Users\Mardek\AppData\Local\Programs\MiKTeX 2.9\tex\latex\graphics-cfg\grap
hics.cfg"
File: graphics.cfg 2016/06/04 v1.11 sample graphics configuration
)
Package graphics Info: Driver file: pdftex.def on input line 99.

("C:\Users\Mardek\AppData\Local\Programs\MiKTeX 2.9\tex\latex\graphics-def\pdft
ex.def"
File: pdftex.def 2018/01/08 v1.0l Graphics/color driver for pdftex
))
\Gin@req@height=\dimen103
\Gin@req@width=\dimen104
)
("C:\Users\Mardek\AppData\Local\Programs\MiKTeX 2.9\tex\latex\ltxmisc\anysize.s
ty"
Package: anysize 1994/08/13 1.0 Contributed LaTeX2e package

Package: `anysize' 1.0 <1994/08/13>
\@Leftmargin=\dimen105
\@Rightmargin=\dimen106
\@Topmargin=\dimen107
\@Bottommargin=\dimen108
)
("C:\Users\Mardek\AppData\Local\Programs\MiKTeX 2.9\tex\latex\enumitem\enumitem
.sty"
Package: enumitem 2011/09/28 v3.5.2 Customized lists
\labelindent=\skip43
\enit@outerparindent=\dimen109
\enit@toks=\toks20
\enit@inbox=\box26
\enitdp@description=\count88
)
("C:\Users\Mardek\AppData\Local\Programs\MiKTeX 2.9\tex\latex\base\makeidx.sty"
Package: makeidx 2014/09/29 v1.0m Standard LaTeX package
)
("C:\Users\Mardek\AppData\Local\Programs\MiKTeX 2.9\tex\latex\subfig\subfig.sty
"
Package: subfig 2005/06/28 ver: 1.3 subfig package

("C:\Users\Mardek\AppData\Local\Programs\MiKTeX 2.9\tex\latex\caption\caption.s
ty"
Package: caption 2018/05/01 v3.3-147 Customizing captions (AR)

("C:\Users\Mardek\AppData\Local\Programs\MiKTeX 2.9\tex\latex\caption\caption3.
sty"
Package: caption3 2018/05/27 v1.8a caption3 kernel (AR)
Package caption3 Info: TeX engine: e-TeX on input line 64.
\captionmargin=\dimen110
\captionmargin@=\dimen111
\captionwidth=\dimen112
\caption@tempdima=\dimen113
\caption@indent=\dimen114
\caption@parindent=\dimen115
\caption@hangindent=\dimen116
)
\c@ContinuedFloat=\count89
)
\c@KVtest=\count90
\sf@farskip=\skip44
\sf@captopadj=\dimen117
\sf@capskip=\skip45
\sf@nearskip=\skip46
\c@subfigure=\count91
\c@subfigure@save=\count92
\c@lofdepth=\count93
\c@subtable=\count94
\c@subtable@save=\count95
\c@lotdepth=\count96
\sf@top=\skip47
\sf@bottom=\skip48
)
("C:\Users\Mardek\AppData\Local\Programs\MiKTeX 2.9\tex\latex\blindtext\blindte
xt.sty"
Package: blindtext 2012/01/06 V2.0 blindtext-Package

("C:\Users\Mardek\AppData\Local\Programs\MiKTeX 2.9\tex\latex\tools\xspace.sty"
Package: xspace 2014/10/28 v1.13 Space after command names (DPC,MH)
)
\c@blindtext=\count97
\c@Blindtext=\count98
\c@blind@countparstart=\count99
\blind@countxx=\count100
\blindtext@numBlindtext=\count101
\blind@countyy=\count102
\c@blindlist=\count103
\c@blindlistlevel=\count104
\c@blindlist@level=\count105
\blind@listitem=\count106
\c@blind@listcount=\count107
\c@blind@levelcount=\count108
\blind@mathformula=\count109
\blind@Mathformula=\count110
\c@blind@randomcount=\count111
\c@blind@randommax=\count112
\c@blind@pangramcount=\count113
\c@blind@pangrammax=\count114
)
("C:\Users\Mardek\AppData\Local\Programs\MiKTeX 2.9\tex\latex\wrapfig\wrapfig.s
ty"
\wrapoverhang=\dimen118
\WF@size=\dimen119
\c@WF@wrappedlines=\count115
\WF@box=\box27
\WF@everypar=\toks21
Package: wrapfig 2003/01/31  v 3.6
)
("C:\Users\Mardek\AppData\Local\Programs\MiKTeX 2.9\tex\latex\koma-script\scrpa
ge2.sty"
Package: scrpage2 2018/03/30 v3.25 KOMA-Script package (page head and foot)


Package scrpage2 Warning: usage of obsolete package!
(scrpage2)                Package `scrpage2' is obsolete.
(scrpage2)                You should not longer use package `scrpage2'.
(scrpage2)                You should replace usage of package `scrpage2'
(scrpage2)                by `scrlayer-scrpage' on input line 52.

)
("C:\Users\Mardek\AppData\Local\Programs\MiKTeX 2.9\tex\latex\hyperref\hyperref
.sty"
Package: hyperref 2018/02/06 v6.86b Hypertext links for LaTeX

("C:\Users\Mardek\AppData\Local\Programs\MiKTeX 2.9\tex\generic\oberdiek\hobsub
-hyperref.sty"
Package: hobsub-hyperref 2016/05/16 v1.14 Bundle oberdiek, subset hyperref (HO)


("C:\Users\Mardek\AppData\Local\Programs\MiKTeX 2.9\tex\generic\oberdiek\hobsub
-generic.sty"
Package: hobsub-generic 2016/05/16 v1.14 Bundle oberdiek, subset generic (HO)
Package: hobsub 2016/05/16 v1.14 Construct package bundles (HO)
Package: infwarerr 2016/05/16 v1.4 Providing info/warning/error messages (HO)
Package: ltxcmds 2016/05/16 v1.23 LaTeX kernel commands for general use (HO)
Package: ifluatex 2016/05/16 v1.4 Provides the ifluatex switch (HO)
Package ifluatex Info: LuaTeX not detected.
Package: ifvtex 2016/05/16 v1.6 Detect VTeX and its facilities (HO)
Package ifvtex Info: VTeX not detected.
Package: intcalc 2016/05/16 v1.2 Expandable calculations with integers (HO)
Package: ifpdf 2017/03/15 v3.2 Provides the ifpdf switch
Package: etexcmds 2016/05/16 v1.6 Avoid name clashes with e-TeX commands (HO)
Package etexcmds Info: Could not find \expanded.
(etexcmds)             That can mean that you are not using pdfTeX 1.50 or
(etexcmds)             that some package has redefined \expanded.
(etexcmds)             In the latter case, load this package earlier.
Package: kvsetkeys 2016/05/16 v1.17 Key value parser (HO)
Package: kvdefinekeys 2016/05/16 v1.4 Define keys (HO)
Package: pdftexcmds 2018/01/21 v0.26 Utility functions of pdfTeX for LuaTeX (HO
)
Package pdftexcmds Info: LuaTeX not detected.
Package pdftexcmds Info: \pdf@primitive is available.
Package pdftexcmds Info: \pdf@ifprimitive is available.
Package pdftexcmds Info: \pdfdraftmode found.
Package: pdfescape 2016/05/16 v1.14 Implements pdfTeX's escape features (HO)
Package: bigintcalc 2016/05/16 v1.4 Expandable calculations on big integers (HO
)
Package: bitset 2016/05/16 v1.2 Handle bit-vector datatype (HO)
Package: uniquecounter 2016/05/16 v1.3 Provide unlimited unique counter (HO)
)
Package hobsub Info: Skipping package `hobsub' (already loaded).
Package: letltxmacro 2016/05/16 v1.5 Let assignment for LaTeX macros (HO)
Package: hopatch 2016/05/16 v1.3 Wrapper for package hooks (HO)
Package: xcolor-patch 2016/05/16 xcolor patch
Package: atveryend 2016/05/16 v1.9 Hooks at the very end of document (HO)
Package atveryend Info: \enddocument detected (standard20110627).
Package: atbegshi 2016/06/09 v1.18 At begin shipout hook (HO)
Package: refcount 2016/05/16 v3.5 Data extraction from label references (HO)
Package: hycolor 2016/05/16 v1.8 Color options for hyperref/bookmark (HO)
)
("C:\Users\Mardek\AppData\Local\Programs\MiKTeX 2.9\tex\generic\ifxetex\ifxetex
.sty"
Package: ifxetex 2010/09/12 v0.6 Provides ifxetex conditional
)
("C:\Users\Mardek\AppData\Local\Programs\MiKTeX 2.9\tex\latex\oberdiek\auxhook.
sty"
Package: auxhook 2016/05/16 v1.4 Hooks for auxiliary files (HO)
)
("C:\Users\Mardek\AppData\Local\Programs\MiKTeX 2.9\tex\latex\oberdiek\kvoption
s.sty"
Package: kvoptions 2016/05/16 v3.12 Key value format for package options (HO)
)
\@linkdim=\dimen120
\Hy@linkcounter=\count116
\Hy@pagecounter=\count117

("C:\Users\Mardek\AppData\Local\Programs\MiKTeX 2.9\tex\latex\hyperref\pd1enc.d
ef"
File: pd1enc.def 2018/02/06 v6.86b Hyperref: PDFDocEncoding definition (HO)
)
\Hy@SavedSpaceFactor=\count118

("C:\Users\Mardek\AppData\Local\Programs\MiKTeX 2.9\tex\latex\00miktex\hyperref
.cfg"
File: hyperref.cfg 2002/06/06 v1.2 hyperref configuration of TeXLive
)
Package hyperref Info: Hyper figures OFF on input line 4509.
Package hyperref Info: Link nesting OFF on input line 4514.
Package hyperref Info: Hyper index ON on input line 4517.
Package hyperref Info: Plain pages OFF on input line 4524.
Package hyperref Info: Backreferencing OFF on input line 4529.
Package hyperref Info: Implicit mode ON; LaTeX internals redefined.
Package hyperref Info: Bookmarks ON on input line 4762.
\c@Hy@tempcnt=\count119
 ("C:\Users\Mardek\AppData\Local\Programs\MiKTeX 2.9\tex\latex\url\url.sty"
\Urlmuskip=\muskip10
Package: url 2013/09/16  ver 3.4  Verb mode for urls, etc.
)
LaTeX Info: Redefining \url on input line 5115.
\XeTeXLinkMargin=\dimen121
\Fld@menulength=\count120
\Field@Width=\dimen122
\Fld@charsize=\dimen123
Package hyperref Info: Hyper figures OFF on input line 6369.
Package hyperref Info: Link nesting OFF on input line 6374.
Package hyperref Info: Hyper index ON on input line 6377.
Package hyperref Info: backreferencing OFF on input line 6384.
Package hyperref Info: Link coloring OFF on input line 6389.
Package hyperref Info: Link coloring with OCG OFF on input line 6394.
Package hyperref Info: PDF/A mode OFF on input line 6399.
LaTeX Info: Redefining \ref on input line 6439.
LaTeX Info: Redefining \pageref on input line 6443.
\Hy@abspage=\count121
\c@Item=\count122
\c@Hfootnote=\count123
)
Package hyperref Info: Driver (autodetected): hpdftex.

("C:\Users\Mardek\AppData\Local\Programs\MiKTeX 2.9\tex\latex\hyperref\hpdftex.
def"
File: hpdftex.def 2018/02/06 v6.86b Hyperref driver for pdfTeX
\Fld@listcount=\count124
\c@bookmark@seq@number=\count125

("C:\Users\Mardek\AppData\Local\Programs\MiKTeX 2.9\tex\latex\oberdiek\rerunfil
echeck.sty"
Package: rerunfilecheck 2016/05/16 v1.8 Rerun checks for auxiliary files (HO)
Package uniquecounter Info: New unique counter `rerunfilecheck' on input line 2
82.
)
\Hy@SectionHShift=\skip49
)
("C:\Users\Mardek\AppData\Local\Programs\MiKTeX 2.9\tex\latex\graphics\color.st
y"
Package: color 2016/07/10 v1.1e Standard LaTeX Color (DPC)

("C:\Users\Mardek\AppData\Local\Programs\MiKTeX 2.9\tex\latex\graphics-cfg\colo
r.cfg"
File: color.cfg 2016/01/02 v1.6 sample color configuration
)
Package color Info: Driver file: pdftex.def on input line 147.
)
Package hyperref Info: Option `colorlinks' set `true' on input line 26.
\@indexfile=\write3
\openout3 = `01_GR_Haupt.idx'.


Writing index file 01_GR_Haupt.idx
) (01_GR_Haupt.aux (03_Vorwort.aux) (04_Softwareinformationen.aux)
(05_Funktion.aux))
\openout1 = `01_GR_Haupt.aux'.

LaTeX Font Info:    Checking defaults for OML/cmm/m/it on input line 9.
LaTeX Font Info:    ... okay on input line 9.
LaTeX Font Info:    Checking defaults for T1/cmr/m/n on input line 9.
LaTeX Font Info:    ... okay on input line 9.
LaTeX Font Info:    Checking defaults for OT1/cmr/m/n on input line 9.
LaTeX Font Info:    ... okay on input line 9.
LaTeX Font Info:    Checking defaults for OMS/cmsy/m/n on input line 9.
LaTeX Font Info:    ... okay on input line 9.
LaTeX Font Info:    Checking defaults for OMX/cmex/m/n on input line 9.
LaTeX Font Info:    ... okay on input line 9.
LaTeX Font Info:    Checking defaults for U/cmr/m/n on input line 9.
LaTeX Font Info:    ... okay on input line 9.
LaTeX Font Info:    Checking defaults for PD1/pdf/m/n on input line 9.
LaTeX Font Info:    ... okay on input line 9.

("C:\Users\Mardek\AppData\Local\Programs\MiKTeX 2.9\tex\latex\ucs\ucsencs.def"
File: ucsencs.def 2011/01/21 Fixes to fontencodings LGR, T3
)
("C:\Users\Mardek\AppData\Local\Programs\MiKTeX 2.9\tex\context\base\supp-pdf.m
kii"
[Loading MPS to PDF converter (version 2006.09.02).]
\scratchcounter=\count126
\scratchdimen=\dimen124
\scratchbox=\box28
\nofMPsegments=\count127
\nofMParguments=\count128
\everyMPshowfont=\toks22
\MPscratchCnt=\count129
\MPscratchDim=\dimen125
\MPnumerator=\count130
\makeMPintoPDFobject=\count131
\everyMPtoPDFconversion=\toks23
)
("C:\Users\Mardek\AppData\Local\Programs\MiKTeX 2.9\tex\latex\oberdiek\epstopdf
-base.sty"
Package: epstopdf-base 2016/05/15 v2.6 Base part for package epstopdf

("C:\Users\Mardek\AppData\Local\Programs\MiKTeX 2.9\tex\latex\oberdiek\grfext.s
ty"
Package: grfext 2016/05/16 v1.2 Manage graphics extensions (HO)
)
Package epstopdf-base Info: Redefining graphics rule for `.eps' on input line 4
38.
Package grfext Info: Graphics extension search list:
(grfext)             [.pdf,.png,.jpg,.mps,.jpeg,.jbig2,.jb2,.PDF,.PNG,.JPG,.JPE
G,.JBIG2,.JB2,.eps]
(grfext)             \AppendGraphicsExtensions on input line 456.
)
Package caption Info: Begin \AtBeginDocument code.
Package caption Info: subfig package v1.3 is loaded.
Package caption Info: hyperref package is loaded.
Package caption Info: wrapfig package is loaded.
Package caption Info: End \AtBeginDocument code.


Package scrpage2 Warning: seems you are using a constant headheight.
(scrpage2)                If you get overfull \vbox warnings at almost every
(scrpage2)                page, you should increase headheight e.g. writing
(scrpage2)                 \setlength{\headheight}{1.1\baselineskip}
(scrpage2)                into the preamble of your document.
(scrpage2)                A better solution would be to use typearea package.

\AtBeginShipoutBox=\box29
Package hyperref Info: Link coloring ON on input line 9.

("C:\Users\Mardek\AppData\Local\Programs\MiKTeX 2.9\tex\latex\hyperref\nameref.
sty"
Package: nameref 2016/05/21 v2.44 Cross-referencing by name of section

("C:\Users\Mardek\AppData\Local\Programs\MiKTeX 2.9\tex\generic\oberdiek\gettit
lestring.sty"
Package: gettitlestring 2016/05/16 v1.5 Cleanup title references (HO)
)
\c@section@level=\count132
)
LaTeX Info: Redefining \ref on input line 9.
LaTeX Info: Redefining \pageref on input line 9.
LaTeX Info: Redefining \nameref on input line 9.
 (01_GR_Haupt.out) (01_GR_Haupt.out)
\@outlinefile=\write4
\openout4 = `01_GR_Haupt.out'.

LaTeX Font Info:    External font `cmex10' loaded for size
(Font)              <12> on input line 17.
LaTeX Font Info:    External font `cmex10' loaded for size
(Font)              <8> on input line 17.
LaTeX Font Info:    External font `cmex10' loaded for size
(Font)              <6> on input line 17.

("C:\Users\Mardek\AppData\Local\Programs\MiKTeX 2.9\tex\latex\ucs\uni-0.def"
File: uni-0.def 2013/05/13 UCS: Unicode data U+0000..U+00FF
)
<Bilder/GR_1.jpg, id=47, 709.14937pt x 561.59813pt>
File: Bilder/GR_1.jpg Graphic file (type jpg)
<use Bilder/GR_1.jpg>
Package pdftex.def Info: Bilder/GR_1.jpg  used on input line 23.
(pdftex.def)             Requested size: 455.24411pt x 360.52701pt.
LaTeX Font Info:    External font `cmex10' loaded for size
(Font)              <10.95> on input line 27.

Overfull \vbox (1.61752pt too high) has occurred while \output is active []


[1

{C:/Users/Mardek/AppData/Local/MiKTeX/2.9/pdftex/config/pdftex.map} <./Bilder/G
R_1.jpg>] (01_GR_Haupt.toc)
\tf@toc=\write5
\openout5 = `01_GR_Haupt.toc'.


Overfull \vbox (1.61752pt too high) has occurred while \output is active []

pdfTeX warning (ext4): destination with the same identifier (name{page.1}) has 
been already used, duplicate ignored
<to be read again> 
                   \relax 
l.31 \newpage
              [1]
\openout2 = `03_Vorwort.aux'.

 (03_Vorwort.tex
Underfull \hbox (badness 10000) in paragraph at lines 10--17

 []


Overfull \vbox (1.61752pt too high) has occurred while \output is active []


[2

])
\openout2 = `04_Softwareinformationen.aux'.

 (04_Softwareinformationen.tex
Overfull \vbox (1.61752pt too high) has occurred while \output is active []


[3


])
\openout2 = `05_Funktion.aux'.

 (05_Funktion.tex
<Bilder/GR_2.jpg, id=84, 590.205pt x 118.19156pt>
File: Bilder/GR_2.jpg Graphic file (type jpg)
<use Bilder/GR_2.jpg>
Package pdftex.def Info: Bilder/GR_2.jpg  used on input line 29.
(pdftex.def)             Requested size: 455.24411pt x 91.16647pt.
<Bilder/GR_3.jpg, id=85, 359.09157pt x 201.75375pt>
File: Bilder/GR_3.jpg Graphic file (type jpg)
<use Bilder/GR_3.jpg>
Package pdftex.def Info: Bilder/GR_3.jpg  used on input line 40.
(pdftex.def)             Requested size: 273.14923pt x 153.47913pt.

Overfull \vbox (1.61752pt too high) has occurred while \output is active []


[4


 <./Bilder/GR_2.jpg> <./Bilder/GR_3.jpg>]
<Bilder/GR_4.jpg, id=96, 283.81032pt x 173.14688pt>
File: Bilder/GR_4.jpg Graphic file (type jpg)
<use Bilder/GR_4.jpg>
Package pdftex.def Info: Bilder/GR_4.jpg  used on input line 54.
(pdftex.def)             Requested size: 182.09486pt x 111.09631pt.
<Bilder/GR_5.jpg, id=97, 243.15843pt x 152.06813pt>
File: Bilder/GR_5.jpg Graphic file (type jpg)
<use Bilder/GR_5.jpg>
Package pdftex.def Info: Bilder/GR_5.jpg  used on input line 57.
(pdftex.def)             Requested size: 182.09486pt x 113.87909pt.
<Bilder/GR_6.jpg, id=98, 704.6325pt x 63.23625pt>
File: Bilder/GR_6.jpg Graphic file (type jpg)
<use Bilder/GR_6.jpg>
Package pdftex.def Info: Bilder/GR_6.jpg  used on input line 71.
(pdftex.def)             Requested size: 455.24411pt x 40.85509pt.

Overfull \vbox (1.61752pt too high) has occurred while \output is active []


[5 <./Bilder/GR_4.jpg> <./Bilder/GR_5.jpg> <./Bilder/GR_6.jpg>]
<Bilder/GR_7.jpg, id=108, 307.90031pt x 173.89969pt>
File: Bilder/GR_7.jpg Graphic file (type jpg)
<use Bilder/GR_7.jpg>
Package pdftex.def Info: Bilder/GR_7.jpg  used on input line 89.
(pdftex.def)             Requested size: 182.09486pt x 102.84668pt.
<Bilder/GR_8.jpg, id=109, 289.08pt x 295.1025pt>
File: Bilder/GR_8.jpg Graphic file (type jpg)
<use Bilder/GR_8.jpg>
Package pdftex.def Info: Bilder/GR_8.jpg  used on input line 92.
(pdftex.def)             Requested size: 182.09486pt x 185.88852pt.
)
Overfull \vbox (1.61752pt too high) has occurred while \output is active []


[6 <./Bilder/GR_7.jpg> <./Bilder/GR_8.jpg>]
No file 01_GR_Haupt.ind.
Package atveryend Info: Empty hook `BeforeClearDocument' on input line 43.
Package atveryend Info: Empty hook `AfterLastShipout' on input line 43.
(01_GR_Haupt.aux (03_Vorwort.aux) (04_Softwareinformationen.aux)
(05_Funktion.aux))
Package atveryend Info: Executing hook `AtVeryEndDocument' on input line 43.
Package atveryend Info: Executing hook `AtEndAfterFileList' on input line 43.
Package rerunfilecheck Info: File `01_GR_Haupt.out' has not changed.
(rerunfilecheck)             Checksum: 0C1C1DCCCFBB4CD2C215222675338528;645.
Package atveryend Info: Empty hook `AtVeryVeryEnd' on input line 43.
 ) 
Here is how much of TeX's memory you used:
 8128 strings out of 493305
 125947 string characters out of 3129367
 217765 words of memory out of 3000000
 11528 multiletter control sequences out of 15000+200000
 14286 words of font info for 35 fonts, out of 3000000 for 9000
 1141 hyphenation exceptions out of 8191
 46i,10n,51p,597b,693s stack positions out of 5000i,500n,10000p,200000b,50000s
 <C:\Users\Mardek\AppData\Local\MiKTeX\2.9\fonts\pk\ljfour\jknappen\ec\dpi600
\ecrm0900.pk> <C:\Users\Mardek\AppData\Local\MiKTeX\2.9\fonts\pk\ljfour\jknappe
n\ec\dpi600\ecbx1200.pk> <C:\Users\Mardek\AppData\Local\MiKTeX\2.9\fonts\pk\ljf
our\jknappen\ec\dpi600\ecsl1095.pk> <C:\Users\Mardek\AppData\Local\MiKTeX\2.9\f
onts\pk\ljfour\jknappen\ec\dpi600\ecbx1095.pk> <C:\Users\Mardek\AppData\Local\M
iKTeX\2.9\fonts\pk\ljfour\jknappen\ec\dpi600\ecbx1440.pk> <C:\Users\Mardek\AppD
ata\Local\MiKTeX\2.9\fonts\pk\ljfour\jknappen\ec\dpi600\ecrm1095.pk> <C:\Users\
Mardek\AppData\Local\MiKTeX\2.9\fonts\pk\ljfour\jknappen\ec\dpi600\ecrm1200.pk>
 <C:\Users\Mardek\AppData\Local\MiKTeX\2.9\fonts\pk\ljfour\jknappen\ec\dpi600\e
crm1728.pk>
Output written on 01_GR_Haupt.pdf (7 pages, 379351 bytes).
PDF statistics:
 409 PDF objects out of 1000 (max. 8388607)
 33 named destinations out of 1000 (max. 500000)
 129 words of extra memory for PDF output out of 10000 (max. 10000000)

